<?xml version="1.0" encoding="UTF-8"?>
<!-- Generated by org.testng.reporters.JUnitXMLReporter -->
<testsuite hostname="Medweb-QSG" name="Testie" tests="2" failures="1" timestamp="30 Mar 2017 10:01:18 GMT" time="35.604" errors="0">
  <testcase name="CreateCoveragePeriod" time="25.617" classname="requirement.CreatePlanDesign">
    <failure type="org.openqa.selenium.NoSuchElementException" message="Unable to find element with xpath == //div[@id=&amp;apos;employer-coverage-periods&amp;apos;]/button[@class=&amp;apos;pd-button&amp;apos;] (WARNING: The server did not provide any stacktrace information)
Command duration or timeout: 287 milliseconds
For documentation on this error, please visit: http://seleniumhq.org/exceptions/no_such_element.html
Build info: version: &amp;apos;2.48.2&amp;apos;, revision: &amp;apos;41bccdd10cf2c0560f637404c2d96164b67d9d67&amp;apos;, time: &amp;apos;2015-10-09 13:08:06&amp;apos;
System info: host: &amp;apos;Medweb-QSG&amp;apos;, ip: &amp;apos;192.168.25.104&amp;apos;, os.name: &amp;apos;Windows 10&amp;apos;, os.arch: &amp;apos;amd64&amp;apos;, os.version: &amp;apos;10.0&amp;apos;, java.version: &amp;apos;1.8.0_121&amp;apos;
Driver info: org.openqa.selenium.ie.InternetExplorerDriver
Capabilities [{browserAttachTimeout=0, enablePersistentHover=true, ie.forceCreateProcessApi=false, pageLoadStrategy=normal, ie.usePerProcessProxy=false, ignoreZoomSetting=false, handlesAlerts=true, version=11, platform=WINDOWS, nativeEvents=true, ie.ensureCleanSession=false, elementScrollBehavior=0, ie.browserCommandLineSwitches=, requireWindowFocus=false, browserName=internet explorer, initialBrowserUrl=http://localhost:14478/, takesScreenshot=true, javascriptEnabled=true, ignoreProtectedModeSettings=true, enableElementCacheCleanup=true, cssSelectorsEnabled=true, unexpectedAlertBehaviour=dismiss}]
Session ID: 08258d55-ed24-4c41-a6bc-4fe759a12da9
*** Element info: {Using=xpath, value=//div[@id=&amp;apos;employer-coverage-periods&amp;apos;]/button[@class=&amp;apos;pd-button&amp;apos;]}">
      <![CDATA[org.openqa.selenium.NoSuchElementException: Unable to find element with xpath == //div[@id='employer-coverage-periods']/button[@class='pd-button'] (WARNING: The server did not provide any stacktrace information)
Command duration or timeout: 287 milliseconds
For documentation on this error, please visit: http://seleniumhq.org/exceptions/no_such_element.html
Build info: version: '2.48.2', revision: '41bccdd10cf2c0560f637404c2d96164b67d9d67', time: '2015-10-09 13:08:06'
System info: host: 'Medweb-QSG', ip: '192.168.25.104', os.name: 'Windows 10', os.arch: 'amd64', os.version: '10.0', java.version: '1.8.0_121'
Driver info: org.openqa.selenium.ie.InternetExplorerDriver
Capabilities [{browserAttachTimeout=0, enablePersistentHover=true, ie.forceCreateProcessApi=false, pageLoadStrategy=normal, ie.usePerProcessProxy=false, ignoreZoomSetting=false, handlesAlerts=true, version=11, platform=WINDOWS, nativeEvents=true, ie.ensureCleanSession=false, elementScrollBehavior=0, ie.browserCommandLineSwitches=, requireWindowFocus=false, browserName=internet explorer, initialBrowserUrl=http://localhost:14478/, takesScreenshot=true, javascriptEnabled=true, ignoreProtectedModeSettings=true, enableElementCacheCleanup=true, cssSelectorsEnabled=true, unexpectedAlertBehaviour=dismiss}]
Session ID: 08258d55-ed24-4c41-a6bc-4fe759a12da9
*** Element info: {Using=xpath, value=//div[@id='employer-coverage-periods']/button[@class='pd-button']}
	at org.openqa.selenium.remote.ErrorHandler.createThrowable(ErrorHandler.java:206)
	at org.openqa.selenium.remote.ErrorHandler.throwIfResponseFailed(ErrorHandler.java:158)
	at org.openqa.selenium.remote.RemoteWebDriver.execute(RemoteWebDriver.java:647)
	at org.openqa.selenium.remote.RemoteWebDriver.findElement(RemoteWebDriver.java:353)
	at org.openqa.selenium.remote.RemoteWebDriver.findElementByXPath(RemoteWebDriver.java:490)
	at org.openqa.selenium.By$ByXPath.findElement(By.java:361)
	at org.openqa.selenium.remote.RemoteWebDriver.findElement(RemoteWebDriver.java:345)
	at qaframework.webElements.WebElements.getOne(WebElements.java:32)
	at page.EmployerPage.clickOnAddNewCoveragePeriods(EmployerPage.java:29)
	at page.EmployerPage.createCoveragePeriod(EmployerPage.java:68)
	at requirement.CreatePlanDesign.CreateCoveragePeriod(CreatePlanDesign.java:33)
... Removed 27 stack frames]]>
    </failure>
  </testcase> <!-- CreateCoveragePeriod -->
  <testcase name="CreatePlanDesignForCoveragePeriod" time="0.0" classname="requirement.CreatePlanDesign">
    <skipped/>
  </testcase> <!-- CreatePlanDesignForCoveragePeriod -->
</testsuite> <!-- Testie -->
